[0.044s] Invoking command in '/home/anish/work/sick_safetyscanners2/build/sick_safetyscanners2_multi_sensor': CMAKE_PREFIX_PATH=${CMAKE_PREFIX_PATH}:/home/anish/work/starnus_robot/install/starnus_viz:/home/anish/work/starnus_robot/install/starnus_slam:/home/anish/work/starnus_robot/install/starnus_sim:/home/anish/work/starnus_robot/install/starnus_rmf_panel:/home/anish/work/starnus_robot/install/starnus_rmf_fleet_adapter:/home/anish/work/starnus_robot/install/starnus_pallet_localisation:/home/anish/work/starnus_robot/install/starnus_navigation:/home/anish/work/starnus_robot/install/starnus_driver:/home/anish/work/starnus_robot/install/starnus_description:/home/anish/work/starnus_robot/install/starnus_bringup:/home/anish/work/starnus_robot/install/starnus:/opt/ros/humble:/home/anish/ros2_humble/install/rqt_bag_plugins:/home/anish/ros2_humble/install/rqt_bag:/home/anish/ros2_humble/install/ros2bag:/home/anish/ros2_humble/install/tracetools_test:/home/anish/ros2_humble/install/tracetools_launch:/home/anish/ros2_humble/install/topic_monitor:/home/anish/ros2_humble/install/tf2_tools:/home/anish/ros2_humble/install/examples_tf2_py:/home/anish/ros2_humble/install/tf2_ros_py:/home/anish/ros2_humble/install/sros2:/home/anish/ros2_humble/install/rqt_topic:/home/anish/ros2_humble/install/rqt_srv:/home/anish/ros2_humble/install/rqt_shell:/home/anish/ros2_humble/install/rqt_service_caller:/home/anish/ros2_humble/install/rqt_reconfigure:/home/anish/ros2_humble/install/rqt_py_console:/home/anish/ros2_humble/install/rqt_publisher:/home/anish/ros2_humble/install/rqt_plot:/home/anish/ros2_humble/install/rqt_action:/home/anish/ros2_humble/install/rqt_msg:/home/anish/ros2_humble/install/rqt_console:/home/anish/ros2_humble/install/rqt:/home/anish/ros2_humble/install/rqt_graph:/home/anish/ros2_humble/install/rqt_gui_py:/home/anish/ros2_humble/install/rqt_gui:/home/anish/ros2_humble/install/ros2trace:/home/anish/ros2_humble/install/ros2topic:/home/anish/ros2_humble/install/ros2test:/home/anish/ros2_humble/install/ros2component:/home/anish/ros2_humble/install/ros2param:/home/anish/ros2_humble/install/ros2lifecycle:/home/anish/ros2_humble/install/ros2service:/home/anish/ros2_humble/install/ros2run:/home/anish/ros2_humble/install/ros2launch:/home/anish/ros2_humble/install/ros2pkg:/home/anish/ros2_humble/install/ros2node:/home/anish/ros2_humble/install/ros2multicast:/home/anish/ros2_humble/install/ros2interface:/home/anish/ros2_humble/install/ros2doctor:/home/anish/ros2_humble/install/ros2action:/home/anish/ros2_humble/install/ros2cli:/home/anish/ros2_humble/install/quality_of_service_demo_py:/home/anish/ros2_humble/install/lifecycle_py:/home/anish/ros2_humble/install/launch_testing_ros:/home/anish/ros2_humble/install/launch_ros:/home/anish/ros2_humble/install/examples_rclpy_pointcloud_publisher:/home/anish/ros2_humble/install/examples_rclpy_minimal_subscriber:/home/anish/ros2_humble/install/examples_rclpy_minimal_service:/home/anish/ros2_humble/install/examples_rclpy_minimal_publisher:/home/anish/ros2_humble/install/examples_rclpy_minimal_client:/home/anish/ros2_humble/install/examples_rclpy_minimal_action_server:/home/anish/ros2_humble/install/examples_rclpy_minimal_action_client:/home/anish/ros2_humble/install/examples_rclpy_guard_conditions:/home/anish/ros2_humble/install/examples_rclpy_executors:/home/anish/ros2_humble/install/demo_nodes_py:/home/anish/ros2_humble/install/action_tutorials_py:/home/anish/ros2_humble/install/ament_uncrustify:/home/anish/ros2_humble/install/tracetools_trace:/home/anish/ros2_humble/install/tracetools_read:/home/anish/ros2_humble/install/test_tracetools_launch:/home/anish/ros2_humble/install/test_launch_ros:/home/anish/ros2_humble/install/sensor_msgs_py:/home/anish/ros2_humble/install/rpyutils:/home/anish/ros2_humble/install/rosidl_runtime_py:/home/anish/ros2_humble/install/rosidl_cli:/home/anish/ros2_humble/install/launch_pytest:/home/anish/ros2_humble/install/launch_testing:/home/anish/ros2_humble/install/launch_yaml:/home/anish/ros2_humble/install/launch_xml:/home/anish/ros2_humble/install/launch:/home/anish/ros2_humble/install/osrf_pycommon:/home/anish/ros2_humble/install/launch_testing_examples:/home/anish/ros2_humble/install/domain_coordinator:/home/anish/ros2_humble/install/ament_xmllint:/home/anish/ros2_humble/install/ament_pyflakes:/home/anish/ros2_humble/install/ament_pycodestyle:/home/anish/ros2_humble/install/ament_pep257:/home/anish/ros2_humble/install/ament_pclint:/home/anish/ros2_humble/install/ament_package:/home/anish/ros2_humble/install/ament_mypy:/home/anish/ros2_humble/install/ament_lint_cmake:/home/anish/ros2_humble/install/ament_flake8:/home/anish/ros2_humble/install/ament_copyright:/home/anish/ros2_humble/install/ament_lint:/home/anish/ros2_humble/install/ament_index_python:/home/anish/ros2_humble/install/ament_cpplint:/home/anish/ros2_humble/install/ament_cppcheck:/home/anish/ros2_humble/install/ament_clang_tidy:/home/anish/ros2_humble/install/ament_clang_format /usr/bin/cmake /home/anish/work/sick_safetyscanners2 -DCMAKE_INSTALL_PREFIX=/home/anish/work/sick_safetyscanners2/install/sick_safetyscanners2_multi_sensor
[0.124s] -- The C compiler identification is GNU 11.3.0
[0.177s] -- The CXX compiler identification is GNU 11.3.0
[0.184s] -- Detecting C compiler ABI info
[0.274s] -- Detecting C compiler ABI info - done
[0.286s] -- Check for working C compiler: /usr/bin/cc - skipped
[0.287s] -- Detecting C compile features
[0.288s] -- Detecting C compile features - done
[0.291s] -- Detecting CXX compiler ABI info
[0.397s] -- Detecting CXX compiler ABI info - done
[0.405s] -- Check for working CXX compiler: /usr/bin/c++ - skipped
[0.406s] -- Detecting CXX compile features
[0.406s] -- Detecting CXX compile features - done
[0.419s] -- Found ament_cmake: 1.3.3 (/home/anish/ros2_humble/install/ament_cmake/share/ament_cmake/cmake)
[0.932s] -- Found Python3: /usr/bin/python3.10 (found version "3.10.6") found components: Interpreter 
[1.316s] -- Found Boost: /usr/lib/x86_64-linux-gnu/cmake/Boost-1.74.0/BoostConfig.cmake (found version "1.74.0") found components: chrono 
[1.322s] -- Found rclcpp: 16.0.3 (/home/anish/ros2_humble/install/rclcpp/share/rclcpp/cmake)
[1.449s] -- Found rosidl_generator_c: 3.1.4 (/home/anish/ros2_humble/install/rosidl_generator_c/share/rosidl_generator_c/cmake)
[1.468s] -- Found rosidl_adapter: 3.1.4 (/home/anish/ros2_humble/install/rosidl_adapter/share/rosidl_adapter/cmake)
[1.489s] -- Found rosidl_generator_cpp: 3.1.4 (/home/anish/ros2_humble/install/rosidl_generator_cpp/share/rosidl_generator_cpp/cmake)
[1.536s] -- Using all available rosidl_typesupport_c: rosidl_typesupport_fastrtps_c;rosidl_typesupport_introspection_c
[1.595s] -- Using all available rosidl_typesupport_cpp: rosidl_typesupport_fastrtps_cpp;rosidl_typesupport_introspection_cpp
[1.743s] -- Found rmw_implementation_cmake: 6.1.1 (/home/anish/ros2_humble/install/rmw_implementation_cmake/share/rmw_implementation_cmake/cmake)
[1.772s] -- Found rmw_fastrtps_cpp: 6.2.2 (/home/anish/ros2_humble/install/rmw_fastrtps_cpp/share/rmw_fastrtps_cpp/cmake)
[1.964s] -- Found OpenSSL: /usr/lib/x86_64-linux-gnu/libcrypto.so (found version "3.0.2")  
[2.017s] -- Found FastRTPS: /home/anish/ros2_humble/install/fastrtps/include  
[2.118s] -- Using RMW implementation 'rmw_fastrtps_cpp' as default
[2.154s] -- Looking for pthread.h
[2.238s] -- Looking for pthread.h - found
[2.238s] -- Performing Test CMAKE_HAVE_LIBC_PTHREAD
[2.317s] -- Performing Test CMAKE_HAVE_LIBC_PTHREAD - Success
[2.318s] -- Found Threads: TRUE  
[2.479s] -- Found rclcpp_lifecycle: 16.0.3 (/home/anish/ros2_humble/install/rclcpp_lifecycle/share/rclcpp_lifecycle/cmake)
[2.526s] -- Found sensor_msgs: 4.2.3 (/home/anish/ros2_humble/install/sensor_msgs/share/sensor_msgs/cmake)
[2.698s] -- Found Boost: /usr/lib/x86_64-linux-gnu/cmake/Boost-1.74.0/BoostConfig.cmake (found version "1.74.0") found components: system thread 
[2.711s] -- Found sick_safetyscanners2_interfaces: 1.0.0 (/opt/ros/humble/share/sick_safetyscanners2_interfaces/cmake)
[2.854s] -- Found ament_lint_auto: 0.12.5 (/home/anish/ros2_humble/install/ament_lint_auto/share/ament_lint_auto/cmake)
[2.986s] [31mCMake Error at /home/anish/ros2_humble/install/ament_cmake_core/share/ament_cmake_core/cmake/core/ament_package_xml.cmake:53 (message):
[2.986s]   ament_package_xml() package name 'sick_safetyscanners2_multi_sensor' in
[2.986s]   '/package.xml' does not match current PROJECT_NAME 'sick_safetyscanners2'.
[2.986s]   You must call project() with the same package name before.
[2.986s] Call Stack (most recent call first):
[2.986s]   /home/anish/ros2_humble/install/ament_lint_auto/share/ament_lint_auto/cmake/ament_lint_auto_find_test_dependencies.cmake:31 (ament_package_xml)
[2.986s]   CMakeLists.txt:88 (ament_lint_auto_find_test_dependencies)
[2.986s] 
[2.986s] [0m
[2.986s] -- Configuring incomplete, errors occurred!
[2.987s] See also "/home/anish/work/sick_safetyscanners2/build/sick_safetyscanners2_multi_sensor/CMakeFiles/CMakeOutput.log".
[2.995s] Invoked command in '/home/anish/work/sick_safetyscanners2/build/sick_safetyscanners2_multi_sensor' returned '1': CMAKE_PREFIX_PATH=${CMAKE_PREFIX_PATH}:/home/anish/work/starnus_robot/install/starnus_viz:/home/anish/work/starnus_robot/install/starnus_slam:/home/anish/work/starnus_robot/install/starnus_sim:/home/anish/work/starnus_robot/install/starnus_rmf_panel:/home/anish/work/starnus_robot/install/starnus_rmf_fleet_adapter:/home/anish/work/starnus_robot/install/starnus_pallet_localisation:/home/anish/work/starnus_robot/install/starnus_navigation:/home/anish/work/starnus_robot/install/starnus_driver:/home/anish/work/starnus_robot/install/starnus_description:/home/anish/work/starnus_robot/install/starnus_bringup:/home/anish/work/starnus_robot/install/starnus:/opt/ros/humble:/home/anish/ros2_humble/install/rqt_bag_plugins:/home/anish/ros2_humble/install/rqt_bag:/home/anish/ros2_humble/install/ros2bag:/home/anish/ros2_humble/install/tracetools_test:/home/anish/ros2_humble/install/tracetools_launch:/home/anish/ros2_humble/install/topic_monitor:/home/anish/ros2_humble/install/tf2_tools:/home/anish/ros2_humble/install/examples_tf2_py:/home/anish/ros2_humble/install/tf2_ros_py:/home/anish/ros2_humble/install/sros2:/home/anish/ros2_humble/install/rqt_topic:/home/anish/ros2_humble/install/rqt_srv:/home/anish/ros2_humble/install/rqt_shell:/home/anish/ros2_humble/install/rqt_service_caller:/home/anish/ros2_humble/install/rqt_reconfigure:/home/anish/ros2_humble/install/rqt_py_console:/home/anish/ros2_humble/install/rqt_publisher:/home/anish/ros2_humble/install/rqt_plot:/home/anish/ros2_humble/install/rqt_action:/home/anish/ros2_humble/install/rqt_msg:/home/anish/ros2_humble/install/rqt_console:/home/anish/ros2_humble/install/rqt:/home/anish/ros2_humble/install/rqt_graph:/home/anish/ros2_humble/install/rqt_gui_py:/home/anish/ros2_humble/install/rqt_gui:/home/anish/ros2_humble/install/ros2trace:/home/anish/ros2_humble/install/ros2topic:/home/anish/ros2_humble/install/ros2test:/home/anish/ros2_humble/install/ros2component:/home/anish/ros2_humble/install/ros2param:/home/anish/ros2_humble/install/ros2lifecycle:/home/anish/ros2_humble/install/ros2service:/home/anish/ros2_humble/install/ros2run:/home/anish/ros2_humble/install/ros2launch:/home/anish/ros2_humble/install/ros2pkg:/home/anish/ros2_humble/install/ros2node:/home/anish/ros2_humble/install/ros2multicast:/home/anish/ros2_humble/install/ros2interface:/home/anish/ros2_humble/install/ros2doctor:/home/anish/ros2_humble/install/ros2action:/home/anish/ros2_humble/install/ros2cli:/home/anish/ros2_humble/install/quality_of_service_demo_py:/home/anish/ros2_humble/install/lifecycle_py:/home/anish/ros2_humble/install/launch_testing_ros:/home/anish/ros2_humble/install/launch_ros:/home/anish/ros2_humble/install/examples_rclpy_pointcloud_publisher:/home/anish/ros2_humble/install/examples_rclpy_minimal_subscriber:/home/anish/ros2_humble/install/examples_rclpy_minimal_service:/home/anish/ros2_humble/install/examples_rclpy_minimal_publisher:/home/anish/ros2_humble/install/examples_rclpy_minimal_client:/home/anish/ros2_humble/install/examples_rclpy_minimal_action_server:/home/anish/ros2_humble/install/examples_rclpy_minimal_action_client:/home/anish/ros2_humble/install/examples_rclpy_guard_conditions:/home/anish/ros2_humble/install/examples_rclpy_executors:/home/anish/ros2_humble/install/demo_nodes_py:/home/anish/ros2_humble/install/action_tutorials_py:/home/anish/ros2_humble/install/ament_uncrustify:/home/anish/ros2_humble/install/tracetools_trace:/home/anish/ros2_humble/install/tracetools_read:/home/anish/ros2_humble/install/test_tracetools_launch:/home/anish/ros2_humble/install/test_launch_ros:/home/anish/ros2_humble/install/sensor_msgs_py:/home/anish/ros2_humble/install/rpyutils:/home/anish/ros2_humble/install/rosidl_runtime_py:/home/anish/ros2_humble/install/rosidl_cli:/home/anish/ros2_humble/install/launch_pytest:/home/anish/ros2_humble/install/launch_testing:/home/anish/ros2_humble/install/launch_yaml:/home/anish/ros2_humble/install/launch_xml:/home/anish/ros2_humble/install/launch:/home/anish/ros2_humble/install/osrf_pycommon:/home/anish/ros2_humble/install/launch_testing_examples:/home/anish/ros2_humble/install/domain_coordinator:/home/anish/ros2_humble/install/ament_xmllint:/home/anish/ros2_humble/install/ament_pyflakes:/home/anish/ros2_humble/install/ament_pycodestyle:/home/anish/ros2_humble/install/ament_pep257:/home/anish/ros2_humble/install/ament_pclint:/home/anish/ros2_humble/install/ament_package:/home/anish/ros2_humble/install/ament_mypy:/home/anish/ros2_humble/install/ament_lint_cmake:/home/anish/ros2_humble/install/ament_flake8:/home/anish/ros2_humble/install/ament_copyright:/home/anish/ros2_humble/install/ament_lint:/home/anish/ros2_humble/install/ament_index_python:/home/anish/ros2_humble/install/ament_cpplint:/home/anish/ros2_humble/install/ament_cppcheck:/home/anish/ros2_humble/install/ament_clang_tidy:/home/anish/ros2_humble/install/ament_clang_format /usr/bin/cmake /home/anish/work/sick_safetyscanners2 -DCMAKE_INSTALL_PREFIX=/home/anish/work/sick_safetyscanners2/install/sick_safetyscanners2_multi_sensor
