-- Found ament_cmake: 1.3.3 (/home/anish/ros2_humble/install/ament_cmake/share/ament_cmake/cmake)
-- Found Boost: /usr/lib/x86_64-linux-gnu/cmake/Boost-1.74.0/BoostConfig.cmake (found version "1.74.0") found components: chrono 
-- Found rclcpp: 16.0.3 (/home/anish/ros2_humble/install/rclcpp/share/rclcpp/cmake)
-- Found rosidl_generator_c: 3.1.4 (/home/anish/ros2_humble/install/rosidl_generator_c/share/rosidl_generator_c/cmake)
-- Found rosidl_adapter: 3.1.4 (/home/anish/ros2_humble/install/rosidl_adapter/share/rosidl_adapter/cmake)
-- Found rosidl_generator_cpp: 3.1.4 (/home/anish/ros2_humble/install/rosidl_generator_cpp/share/rosidl_generator_cpp/cmake)
-- Using all available rosidl_typesupport_c: rosidl_typesupport_fastrtps_c;rosidl_typesupport_introspection_c
-- Using all available rosidl_typesupport_cpp: rosidl_typesupport_fastrtps_cpp;rosidl_typesupport_introspection_cpp
-- Found rmw_implementation_cmake: 6.1.1 (/home/anish/ros2_humble/install/rmw_implementation_cmake/share/rmw_implementation_cmake/cmake)
-- Found rmw_fastrtps_cpp: 6.2.2 (/home/anish/ros2_humble/install/rmw_fastrtps_cpp/share/rmw_fastrtps_cpp/cmake)
-- Using RMW implementation 'rmw_fastrtps_cpp' as default
-- Found rclcpp_lifecycle: 16.0.3 (/home/anish/ros2_humble/install/rclcpp_lifecycle/share/rclcpp_lifecycle/cmake)
-- Found sensor_msgs: 4.2.3 (/home/anish/ros2_humble/install/sensor_msgs/share/sensor_msgs/cmake)
-- Found Boost: /usr/lib/x86_64-linux-gnu/cmake/Boost-1.74.0/BoostConfig.cmake (found version "1.74.0") found components: system thread 
-- Found sick_safetyscanners2_interfaces: 1.0.0 (/opt/ros/humble/share/sick_safetyscanners2_interfaces/cmake)
-- Found ament_lint_auto: 0.12.5 (/home/anish/ros2_humble/install/ament_lint_auto/share/ament_lint_auto/cmake)
-- Added test 'copyright' to check source files copyright and LICENSE
-- Added test 'cppcheck' to perform static code analysis on C / C++ code
-- Configured cppcheck include dirs: $<BUILD_INTERFACE:/home/anish/work/sick_safetyscanners2/include>
-- Configured cppcheck exclude dirs and/or files: 
-- Added test 'cpplint' to check C / C++ code against the Google style
-- Configured cpplint exclude dirs and/or files: 
-- Added test 'flake8' to check Python code syntax and style conventions
-- Added test 'lint_cmake' to check CMake code style
-- Added test 'pep257' to check Python code against some of the docstring style conventions in PEP 257
-- Added test 'uncrustify' to check C / C++ code style
-- Configured uncrustify additional arguments: 
-- Added test 'xmllint' to check XML markup files
-- Configuring done
-- Generating done
-- Build files have been written to: /home/anish/work/sick_safetyscanners2/build/sick_safetyscanners2
[35m[1mConsolidate compiler generated dependencies of target sick_safetyscanners2_node[0m
[35m[1mConsolidate compiler generated dependencies of target sick_safetyscanners2_lifecycle_node[0m
[ 25%] [32mBuilding CXX object CMakeFiles/sick_safetyscanners2_node.dir/src/SickSafetyscannersRos2.cpp.o[0m
[ 62%] Built target sick_safetyscanners2_lifecycle_node
[ 75%] [32m[1mLinking CXX executable sick_safetyscanners2_node[0m
[100%] Built target sick_safetyscanners2_node
-- Install configuration: ""
-- Up-to-date: /home/anish/work/sick_safetyscanners2/install/sick_safetyscanners2/share/sick_safetyscanners2//launch
-- Installing: /home/anish/work/sick_safetyscanners2/install/sick_safetyscanners2/share/sick_safetyscanners2//launch/sick_safetyscanners2_launch.py
-- Installing: /home/anish/work/sick_safetyscanners2/install/sick_safetyscanners2/share/sick_safetyscanners2//launch/sick_safetyscanners2_lifecycle_launch.py
-- Installing: /home/anish/work/sick_safetyscanners2/install/sick_safetyscanners2/lib/sick_safetyscanners2/sick_safetyscanners2_node
-- Set runtime path of "/home/anish/work/sick_safetyscanners2/install/sick_safetyscanners2/lib/sick_safetyscanners2/sick_safetyscanners2_node" to ""
-- Up-to-date: /home/anish/work/sick_safetyscanners2/install/sick_safetyscanners2/lib/sick_safetyscanners2/sick_safetyscanners2_lifecycle_node
-- Up-to-date: /home/anish/work/sick_safetyscanners2/install/sick_safetyscanners2/share/ament_index/resource_index/package_run_dependencies/sick_safetyscanners2
-- Up-to-date: /home/anish/work/sick_safetyscanners2/install/sick_safetyscanners2/share/ament_index/resource_index/parent_prefix_path/sick_safetyscanners2
-- Installing: /home/anish/work/sick_safetyscanners2/install/sick_safetyscanners2/share/sick_safetyscanners2/environment/ament_prefix_path.dsv
-- Installing: /home/anish/work/sick_safetyscanners2/install/sick_safetyscanners2/share/sick_safetyscanners2/environment/path.dsv
-- Up-to-date: /home/anish/work/sick_safetyscanners2/install/sick_safetyscanners2/share/sick_safetyscanners2/local_setup.bash
-- Up-to-date: /home/anish/work/sick_safetyscanners2/install/sick_safetyscanners2/share/sick_safetyscanners2/local_setup.sh
-- Up-to-date: /home/anish/work/sick_safetyscanners2/install/sick_safetyscanners2/share/sick_safetyscanners2/local_setup.zsh
-- Installing: /home/anish/work/sick_safetyscanners2/install/sick_safetyscanners2/share/sick_safetyscanners2/local_setup.dsv
-- Installing: /home/anish/work/sick_safetyscanners2/install/sick_safetyscanners2/share/sick_safetyscanners2/package.dsv
-- Up-to-date: /home/anish/work/sick_safetyscanners2/install/sick_safetyscanners2/share/ament_index/resource_index/packages/sick_safetyscanners2
-- Up-to-date: /home/anish/work/sick_safetyscanners2/install/sick_safetyscanners2/share/sick_safetyscanners2/cmake/ament_cmake_export_dependencies-extras.cmake
-- Up-to-date: /home/anish/work/sick_safetyscanners2/install/sick_safetyscanners2/share/sick_safetyscanners2/cmake/sick_safetyscanners2Config.cmake
-- Up-to-date: /home/anish/work/sick_safetyscanners2/install/sick_safetyscanners2/share/sick_safetyscanners2/cmake/sick_safetyscanners2Config-version.cmake
-- Installing: /home/anish/work/sick_safetyscanners2/install/sick_safetyscanners2/share/sick_safetyscanners2/package.xml
