[0.638s] DEBUG:colcon:Command line arguments: ['/usr/bin/colcon', 'build']
[0.638s] DEBUG:colcon:Parsed command line arguments: Namespace(log_base=None, log_level=None, verb_name='build', build_base='build', install_base='install', merge_install=False, symlink_install=False, test_result_base=None, continue_on_error=False, executor='parallel', parallel_workers=16, event_handlers=None, ignore_user_meta=False, metas=['./colcon.meta'], base_paths=['.'], packages_ignore=None, packages_ignore_regex=None, paths=None, packages_up_to=None, packages_up_to_regex=None, packages_above=None, packages_above_and_dependencies=None, packages_above_depth=None, packages_select_by_dep=None, packages_skip_by_dep=None, packages_skip_up_to=None, packages_select_build_failed=False, packages_skip_build_finished=False, packages_select_test_failures=False, packages_skip_test_passed=False, packages_select=None, packages_skip=None, packages_select_regex=None, packages_skip_regex=None, packages_start=None, packages_end=None, allow_overriding=[], cmake_args=None, cmake_target=None, cmake_target_skip_unavailable=False, cmake_clean_cache=False, cmake_clean_first=False, cmake_force_configure=False, meson_args=[], ament_cmake_args=None, catkin_cmake_args=None, catkin_skip_building_tests=False, mixin_files=None, mixin=None, verb_parser=<colcon_alias.argument_parser.alias.AliasArgumentDecorator object at 0x7f1fff5731c0>, verb_extension=<colcon_core.verb.build.BuildVerb object at 0x7f1fff7edd50>, main=<bound method BuildVerb.main of <colcon_core.verb.build.BuildVerb object at 0x7f1fff7edd50>>, mixin_verb=('build',))
[0.671s] Level 1:colcon.colcon_core.package_discovery:discover_packages(colcon_meta) check parameters
[0.671s] Level 1:colcon.colcon_core.package_discovery:discover_packages(recursive) check parameters
[0.671s] Level 1:colcon.colcon_core.package_discovery:discover_packages(ignore) check parameters
[0.671s] Level 1:colcon.colcon_core.package_discovery:discover_packages(path) check parameters
[0.671s] Level 1:colcon.colcon_core.package_discovery:discover_packages(colcon_meta) discover
[0.671s] Level 1:colcon.colcon_core.package_discovery:discover_packages(recursive) discover
[0.671s] INFO:colcon.colcon_core.package_discovery:Crawling recursively for packages in '/home/anish/work/sick_safetyscanners2'
[0.671s] Level 1:colcon.colcon_core.package_identification:_identify(.) by extensions ['ignore', 'ignore_ament_install']
[0.671s] Level 1:colcon.colcon_core.package_identification:_identify(.) by extension 'ignore'
[0.671s] Level 1:colcon.colcon_core.package_identification:_identify(.) by extension 'ignore_ament_install'
[0.671s] Level 1:colcon.colcon_core.package_identification:_identify(.) by extensions ['colcon_pkg']
[0.671s] Level 1:colcon.colcon_core.package_identification:_identify(.) by extension 'colcon_pkg'
[0.671s] Level 1:colcon.colcon_core.package_identification:_identify(.) by extensions ['colcon_meta']
[0.671s] Level 1:colcon.colcon_core.package_identification:_identify(.) by extension 'colcon_meta'
[0.671s] Level 1:colcon.colcon_core.package_identification:_identify(.) by extensions ['ros']
[0.671s] Level 1:colcon.colcon_core.package_identification:_identify(.) by extension 'ros'
[0.682s] DEBUG:colcon.colcon_core.package_identification:Package '.' with type 'ros.ament_cmake' and name 'sick_safetyscanners2_multi_sensor'
[0.682s] Level 1:colcon.colcon_core.package_discovery:discover_packages(recursive) using defaults
[0.682s] Level 1:colcon.colcon_core.package_discovery:discover_packages(ignore) discover
[0.682s] Level 1:colcon.colcon_core.package_discovery:discover_packages(ignore) using defaults
[0.682s] Level 1:colcon.colcon_core.package_discovery:discover_packages(path) discover
[0.682s] Level 1:colcon.colcon_core.package_discovery:discover_packages(path) using defaults
[0.712s] Level 1:colcon.colcon_core.package_discovery:discover_packages(prefix_path) check parameters
[0.712s] Level 1:colcon.colcon_core.package_discovery:discover_packages(prefix_path) discover
[0.725s] DEBUG:colcon.colcon_installed_package_information.package_discovery:Found 16 installed packages in /home/anish/work/starnus_robot/install
[0.734s] DEBUG:colcon.colcon_installed_package_information.package_discovery:Found 343 installed packages in /home/anish/ros2_humble/install
[0.780s] DEBUG:colcon.colcon_installed_package_information.package_discovery:Found 308 installed packages in /opt/ros/humble
[0.785s] Level 1:colcon.colcon_core.package_discovery:discover_packages(prefix_path) using defaults
[0.853s] Level 5:colcon.colcon_core.verb:set package 'sick_safetyscanners2_multi_sensor' build argument 'cmake_args' from command line to 'None'
[0.853s] Level 5:colcon.colcon_core.verb:set package 'sick_safetyscanners2_multi_sensor' build argument 'cmake_target' from command line to 'None'
[0.853s] Level 5:colcon.colcon_core.verb:set package 'sick_safetyscanners2_multi_sensor' build argument 'cmake_target_skip_unavailable' from command line to 'False'
[0.853s] Level 5:colcon.colcon_core.verb:set package 'sick_safetyscanners2_multi_sensor' build argument 'cmake_clean_cache' from command line to 'False'
[0.853s] Level 5:colcon.colcon_core.verb:set package 'sick_safetyscanners2_multi_sensor' build argument 'cmake_clean_first' from command line to 'False'
[0.853s] Level 5:colcon.colcon_core.verb:set package 'sick_safetyscanners2_multi_sensor' build argument 'cmake_force_configure' from command line to 'False'
[0.853s] Level 5:colcon.colcon_core.verb:set package 'sick_safetyscanners2_multi_sensor' build argument 'meson_args' from command line to '[]'
[0.853s] Level 5:colcon.colcon_core.verb:set package 'sick_safetyscanners2_multi_sensor' build argument 'ament_cmake_args' from command line to 'None'
[0.853s] Level 5:colcon.colcon_core.verb:set package 'sick_safetyscanners2_multi_sensor' build argument 'catkin_cmake_args' from command line to 'None'
[0.854s] Level 5:colcon.colcon_core.verb:set package 'sick_safetyscanners2_multi_sensor' build argument 'catkin_skip_building_tests' from command line to 'False'
[0.854s] DEBUG:colcon.colcon_core.verb:Building package 'sick_safetyscanners2_multi_sensor' with the following arguments: {'ament_cmake_args': None, 'build_base': '/home/anish/work/sick_safetyscanners2/build/sick_safetyscanners2_multi_sensor', 'catkin_cmake_args': None, 'catkin_skip_building_tests': False, 'cmake_args': None, 'cmake_clean_cache': False, 'cmake_clean_first': False, 'cmake_force_configure': False, 'cmake_target': None, 'cmake_target_skip_unavailable': False, 'install_base': '/home/anish/work/sick_safetyscanners2/install/sick_safetyscanners2_multi_sensor', 'merge_install': False, 'meson_args': [], 'path': '/home/anish/work/sick_safetyscanners2', 'symlink_install': False, 'test_result_base': None}
[0.854s] INFO:colcon.colcon_core.executor:Executing jobs using 'parallel' executor
[0.858s] DEBUG:colcon.colcon_parallel_executor.executor.parallel:run_until_complete
[0.859s] INFO:colcon.colcon_ros.task.ament_cmake.build:Building ROS package in '/home/anish/work/sick_safetyscanners2' with build type 'ament_cmake'
[0.859s] INFO:colcon.colcon_cmake.task.cmake.build:Building CMake package in '/home/anish/work/sick_safetyscanners2'
[0.866s] INFO:colcon.colcon_core.plugin_system:Skipping extension 'colcon_core.shell.bat': Not used on non-Windows systems
[0.866s] INFO:colcon.colcon_core.shell:Skip shell extension 'powershell' for command environment: Not usable outside of PowerShell
[0.866s] DEBUG:colcon.colcon_core.shell:Skip shell extension 'dsv' for command environment
[0.893s] DEBUG:colcon.colcon_core.event_handler.log_command:Invoking command in '/home/anish/work/sick_safetyscanners2/build/sick_safetyscanners2_multi_sensor': CMAKE_PREFIX_PATH=${CMAKE_PREFIX_PATH}:/home/anish/work/starnus_robot/install/starnus_viz:/home/anish/work/starnus_robot/install/starnus_slam:/home/anish/work/starnus_robot/install/starnus_sim:/home/anish/work/starnus_robot/install/starnus_rmf_panel:/home/anish/work/starnus_robot/install/starnus_rmf_fleet_adapter:/home/anish/work/starnus_robot/install/starnus_pallet_localisation:/home/anish/work/starnus_robot/install/starnus_navigation:/home/anish/work/starnus_robot/install/starnus_driver:/home/anish/work/starnus_robot/install/starnus_description:/home/anish/work/starnus_robot/install/starnus_bringup:/home/anish/work/starnus_robot/install/starnus:/opt/ros/humble:/home/anish/ros2_humble/install/rqt_bag_plugins:/home/anish/ros2_humble/install/rqt_bag:/home/anish/ros2_humble/install/ros2bag:/home/anish/ros2_humble/install/tracetools_test:/home/anish/ros2_humble/install/tracetools_launch:/home/anish/ros2_humble/install/topic_monitor:/home/anish/ros2_humble/install/tf2_tools:/home/anish/ros2_humble/install/examples_tf2_py:/home/anish/ros2_humble/install/tf2_ros_py:/home/anish/ros2_humble/install/sros2:/home/anish/ros2_humble/install/rqt_topic:/home/anish/ros2_humble/install/rqt_srv:/home/anish/ros2_humble/install/rqt_shell:/home/anish/ros2_humble/install/rqt_service_caller:/home/anish/ros2_humble/install/rqt_reconfigure:/home/anish/ros2_humble/install/rqt_py_console:/home/anish/ros2_humble/install/rqt_publisher:/home/anish/ros2_humble/install/rqt_plot:/home/anish/ros2_humble/install/rqt_action:/home/anish/ros2_humble/install/rqt_msg:/home/anish/ros2_humble/install/rqt_console:/home/anish/ros2_humble/install/rqt:/home/anish/ros2_humble/install/rqt_graph:/home/anish/ros2_humble/install/rqt_gui_py:/home/anish/ros2_humble/install/rqt_gui:/home/anish/ros2_humble/install/ros2trace:/home/anish/ros2_humble/install/ros2topic:/home/anish/ros2_humble/install/ros2test:/home/anish/ros2_humble/install/ros2component:/home/anish/ros2_humble/install/ros2param:/home/anish/ros2_humble/install/ros2lifecycle:/home/anish/ros2_humble/install/ros2service:/home/anish/ros2_humble/install/ros2run:/home/anish/ros2_humble/install/ros2launch:/home/anish/ros2_humble/install/ros2pkg:/home/anish/ros2_humble/install/ros2node:/home/anish/ros2_humble/install/ros2multicast:/home/anish/ros2_humble/install/ros2interface:/home/anish/ros2_humble/install/ros2doctor:/home/anish/ros2_humble/install/ros2action:/home/anish/ros2_humble/install/ros2cli:/home/anish/ros2_humble/install/quality_of_service_demo_py:/home/anish/ros2_humble/install/lifecycle_py:/home/anish/ros2_humble/install/launch_testing_ros:/home/anish/ros2_humble/install/launch_ros:/home/anish/ros2_humble/install/examples_rclpy_pointcloud_publisher:/home/anish/ros2_humble/install/examples_rclpy_minimal_subscriber:/home/anish/ros2_humble/install/examples_rclpy_minimal_service:/home/anish/ros2_humble/install/examples_rclpy_minimal_publisher:/home/anish/ros2_humble/install/examples_rclpy_minimal_client:/home/anish/ros2_humble/install/examples_rclpy_minimal_action_server:/home/anish/ros2_humble/install/examples_rclpy_minimal_action_client:/home/anish/ros2_humble/install/examples_rclpy_guard_conditions:/home/anish/ros2_humble/install/examples_rclpy_executors:/home/anish/ros2_humble/install/demo_nodes_py:/home/anish/ros2_humble/install/action_tutorials_py:/home/anish/ros2_humble/install/ament_uncrustify:/home/anish/ros2_humble/install/tracetools_trace:/home/anish/ros2_humble/install/tracetools_read:/home/anish/ros2_humble/install/test_tracetools_launch:/home/anish/ros2_humble/install/test_launch_ros:/home/anish/ros2_humble/install/sensor_msgs_py:/home/anish/ros2_humble/install/rpyutils:/home/anish/ros2_humble/install/rosidl_runtime_py:/home/anish/ros2_humble/install/rosidl_cli:/home/anish/ros2_humble/install/launch_pytest:/home/anish/ros2_humble/install/launch_testing:/home/anish/ros2_humble/install/launch_yaml:/home/anish/ros2_humble/install/launch_xml:/home/anish/ros2_humble/install/launch:/home/anish/ros2_humble/install/osrf_pycommon:/home/anish/ros2_humble/install/launch_testing_examples:/home/anish/ros2_humble/install/domain_coordinator:/home/anish/ros2_humble/install/ament_xmllint:/home/anish/ros2_humble/install/ament_pyflakes:/home/anish/ros2_humble/install/ament_pycodestyle:/home/anish/ros2_humble/install/ament_pep257:/home/anish/ros2_humble/install/ament_pclint:/home/anish/ros2_humble/install/ament_package:/home/anish/ros2_humble/install/ament_mypy:/home/anish/ros2_humble/install/ament_lint_cmake:/home/anish/ros2_humble/install/ament_flake8:/home/anish/ros2_humble/install/ament_copyright:/home/anish/ros2_humble/install/ament_lint:/home/anish/ros2_humble/install/ament_index_python:/home/anish/ros2_humble/install/ament_cpplint:/home/anish/ros2_humble/install/ament_cppcheck:/home/anish/ros2_humble/install/ament_clang_tidy:/home/anish/ros2_humble/install/ament_clang_format /usr/bin/cmake /home/anish/work/sick_safetyscanners2 -DCMAKE_INSTALL_PREFIX=/home/anish/work/sick_safetyscanners2/install/sick_safetyscanners2_multi_sensor
[2.199s] DEBUG:colcon.colcon_core.event_handler.log_command:Invoked command in '/home/anish/work/sick_safetyscanners2/build/sick_safetyscanners2_multi_sensor' returned '1': CMAKE_PREFIX_PATH=${CMAKE_PREFIX_PATH}:/home/anish/work/starnus_robot/install/starnus_viz:/home/anish/work/starnus_robot/install/starnus_slam:/home/anish/work/starnus_robot/install/starnus_sim:/home/anish/work/starnus_robot/install/starnus_rmf_panel:/home/anish/work/starnus_robot/install/starnus_rmf_fleet_adapter:/home/anish/work/starnus_robot/install/starnus_pallet_localisation:/home/anish/work/starnus_robot/install/starnus_navigation:/home/anish/work/starnus_robot/install/starnus_driver:/home/anish/work/starnus_robot/install/starnus_description:/home/anish/work/starnus_robot/install/starnus_bringup:/home/anish/work/starnus_robot/install/starnus:/opt/ros/humble:/home/anish/ros2_humble/install/rqt_bag_plugins:/home/anish/ros2_humble/install/rqt_bag:/home/anish/ros2_humble/install/ros2bag:/home/anish/ros2_humble/install/tracetools_test:/home/anish/ros2_humble/install/tracetools_launch:/home/anish/ros2_humble/install/topic_monitor:/home/anish/ros2_humble/install/tf2_tools:/home/anish/ros2_humble/install/examples_tf2_py:/home/anish/ros2_humble/install/tf2_ros_py:/home/anish/ros2_humble/install/sros2:/home/anish/ros2_humble/install/rqt_topic:/home/anish/ros2_humble/install/rqt_srv:/home/anish/ros2_humble/install/rqt_shell:/home/anish/ros2_humble/install/rqt_service_caller:/home/anish/ros2_humble/install/rqt_reconfigure:/home/anish/ros2_humble/install/rqt_py_console:/home/anish/ros2_humble/install/rqt_publisher:/home/anish/ros2_humble/install/rqt_plot:/home/anish/ros2_humble/install/rqt_action:/home/anish/ros2_humble/install/rqt_msg:/home/anish/ros2_humble/install/rqt_console:/home/anish/ros2_humble/install/rqt:/home/anish/ros2_humble/install/rqt_graph:/home/anish/ros2_humble/install/rqt_gui_py:/home/anish/ros2_humble/install/rqt_gui:/home/anish/ros2_humble/install/ros2trace:/home/anish/ros2_humble/install/ros2topic:/home/anish/ros2_humble/install/ros2test:/home/anish/ros2_humble/install/ros2component:/home/anish/ros2_humble/install/ros2param:/home/anish/ros2_humble/install/ros2lifecycle:/home/anish/ros2_humble/install/ros2service:/home/anish/ros2_humble/install/ros2run:/home/anish/ros2_humble/install/ros2launch:/home/anish/ros2_humble/install/ros2pkg:/home/anish/ros2_humble/install/ros2node:/home/anish/ros2_humble/install/ros2multicast:/home/anish/ros2_humble/install/ros2interface:/home/anish/ros2_humble/install/ros2doctor:/home/anish/ros2_humble/install/ros2action:/home/anish/ros2_humble/install/ros2cli:/home/anish/ros2_humble/install/quality_of_service_demo_py:/home/anish/ros2_humble/install/lifecycle_py:/home/anish/ros2_humble/install/launch_testing_ros:/home/anish/ros2_humble/install/launch_ros:/home/anish/ros2_humble/install/examples_rclpy_pointcloud_publisher:/home/anish/ros2_humble/install/examples_rclpy_minimal_subscriber:/home/anish/ros2_humble/install/examples_rclpy_minimal_service:/home/anish/ros2_humble/install/examples_rclpy_minimal_publisher:/home/anish/ros2_humble/install/examples_rclpy_minimal_client:/home/anish/ros2_humble/install/examples_rclpy_minimal_action_server:/home/anish/ros2_humble/install/examples_rclpy_minimal_action_client:/home/anish/ros2_humble/install/examples_rclpy_guard_conditions:/home/anish/ros2_humble/install/examples_rclpy_executors:/home/anish/ros2_humble/install/demo_nodes_py:/home/anish/ros2_humble/install/action_tutorials_py:/home/anish/ros2_humble/install/ament_uncrustify:/home/anish/ros2_humble/install/tracetools_trace:/home/anish/ros2_humble/install/tracetools_read:/home/anish/ros2_humble/install/test_tracetools_launch:/home/anish/ros2_humble/install/test_launch_ros:/home/anish/ros2_humble/install/sensor_msgs_py:/home/anish/ros2_humble/install/rpyutils:/home/anish/ros2_humble/install/rosidl_runtime_py:/home/anish/ros2_humble/install/rosidl_cli:/home/anish/ros2_humble/install/launch_pytest:/home/anish/ros2_humble/install/launch_testing:/home/anish/ros2_humble/install/launch_yaml:/home/anish/ros2_humble/install/launch_xml:/home/anish/ros2_humble/install/launch:/home/anish/ros2_humble/install/osrf_pycommon:/home/anish/ros2_humble/install/launch_testing_examples:/home/anish/ros2_humble/install/domain_coordinator:/home/anish/ros2_humble/install/ament_xmllint:/home/anish/ros2_humble/install/ament_pyflakes:/home/anish/ros2_humble/install/ament_pycodestyle:/home/anish/ros2_humble/install/ament_pep257:/home/anish/ros2_humble/install/ament_pclint:/home/anish/ros2_humble/install/ament_package:/home/anish/ros2_humble/install/ament_mypy:/home/anish/ros2_humble/install/ament_lint_cmake:/home/anish/ros2_humble/install/ament_flake8:/home/anish/ros2_humble/install/ament_copyright:/home/anish/ros2_humble/install/ament_lint:/home/anish/ros2_humble/install/ament_index_python:/home/anish/ros2_humble/install/ament_cpplint:/home/anish/ros2_humble/install/ament_cppcheck:/home/anish/ros2_humble/install/ament_clang_tidy:/home/anish/ros2_humble/install/ament_clang_format /usr/bin/cmake /home/anish/work/sick_safetyscanners2 -DCMAKE_INSTALL_PREFIX=/home/anish/work/sick_safetyscanners2/install/sick_safetyscanners2_multi_sensor
[2.214s] Level 1:colcon.colcon_core.environment:create_environment_scripts_only(sick_safetyscanners2_multi_sensor)
[2.222s] Level 1:colcon.colcon_core.environment:checking '/home/anish/work/sick_safetyscanners2/install/sick_safetyscanners2_multi_sensor' for CMake module files
[2.222s] Level 1:colcon.colcon_core.environment:checking '/home/anish/work/sick_safetyscanners2/install/sick_safetyscanners2_multi_sensor' for CMake config files
[2.223s] Level 1:colcon.colcon_core.environment:checking '/home/anish/work/sick_safetyscanners2/install/sick_safetyscanners2_multi_sensor/bin'
[2.223s] Level 1:colcon.colcon_core.environment:checking '/home/anish/work/sick_safetyscanners2/install/sick_safetyscanners2_multi_sensor/lib/pkgconfig/sick_safetyscanners2_multi_sensor.pc'
[2.223s] Level 1:colcon.colcon_core.environment:checking '/home/anish/work/sick_safetyscanners2/install/sick_safetyscanners2_multi_sensor/lib/python3.10/site-packages'
[2.223s] Level 1:colcon.colcon_core.environment:checking '/home/anish/work/sick_safetyscanners2/install/sick_safetyscanners2_multi_sensor/bin'
[2.225s] INFO:colcon.colcon_core.shell:Creating package script '/home/anish/work/sick_safetyscanners2/install/sick_safetyscanners2_multi_sensor/share/sick_safetyscanners2_multi_sensor/package.ps1'
[2.225s] INFO:colcon.colcon_core.shell:Creating package descriptor '/home/anish/work/sick_safetyscanners2/install/sick_safetyscanners2_multi_sensor/share/sick_safetyscanners2_multi_sensor/package.dsv'
[2.226s] INFO:colcon.colcon_core.shell:Creating package script '/home/anish/work/sick_safetyscanners2/install/sick_safetyscanners2_multi_sensor/share/sick_safetyscanners2_multi_sensor/package.sh'
[2.226s] INFO:colcon.colcon_core.shell:Creating package script '/home/anish/work/sick_safetyscanners2/install/sick_safetyscanners2_multi_sensor/share/sick_safetyscanners2_multi_sensor/package.bash'
[2.227s] INFO:colcon.colcon_core.shell:Creating package script '/home/anish/work/sick_safetyscanners2/install/sick_safetyscanners2_multi_sensor/share/sick_safetyscanners2_multi_sensor/package.zsh'
[2.227s] Level 1:colcon.colcon_core.environment:create_file_with_runtime_dependencies(/home/anish/work/sick_safetyscanners2/install/sick_safetyscanners2_multi_sensor/share/colcon-core/packages/sick_safetyscanners2_multi_sensor)
[2.237s] DEBUG:colcon.colcon_parallel_executor.executor.parallel:closing loop
[2.238s] DEBUG:colcon.colcon_parallel_executor.executor.parallel:loop closed
[2.238s] DEBUG:colcon.colcon_parallel_executor.executor.parallel:run_until_complete finished with '1'
[2.238s] DEBUG:colcon.colcon_core.event_reactor:joining thread
[2.259s] INFO:colcon.colcon_core.plugin_system:Skipping extension 'colcon_notification.desktop_notification.terminal_notifier': Not used on non-Darwin systems
[2.259s] INFO:colcon.colcon_core.plugin_system:Skipping extension 'colcon_notification.desktop_notification.win32': Not used on non-Windows systems
[2.259s] INFO:colcon.colcon_notification.desktop_notification:Sending desktop notification using 'notify2'
[2.277s] DEBUG:colcon.colcon_core.event_reactor:joined thread
[2.279s] INFO:colcon.colcon_core.shell:Creating prefix script '/home/anish/work/sick_safetyscanners2/install/local_setup.ps1'
[2.280s] INFO:colcon.colcon_core.shell:Creating prefix util module '/home/anish/work/sick_safetyscanners2/install/_local_setup_util_ps1.py'
[2.281s] INFO:colcon.colcon_core.shell:Creating prefix chain script '/home/anish/work/sick_safetyscanners2/install/setup.ps1'
[2.289s] INFO:colcon.colcon_core.shell:Creating prefix script '/home/anish/work/sick_safetyscanners2/install/local_setup.sh'
[2.290s] INFO:colcon.colcon_core.shell:Creating prefix util module '/home/anish/work/sick_safetyscanners2/install/_local_setup_util_sh.py'
[2.290s] INFO:colcon.colcon_core.shell:Creating prefix chain script '/home/anish/work/sick_safetyscanners2/install/setup.sh'
[2.298s] INFO:colcon.colcon_core.shell:Creating prefix script '/home/anish/work/sick_safetyscanners2/install/local_setup.bash'
[2.298s] INFO:colcon.colcon_core.shell:Creating prefix chain script '/home/anish/work/sick_safetyscanners2/install/setup.bash'
[2.306s] INFO:colcon.colcon_core.shell:Creating prefix script '/home/anish/work/sick_safetyscanners2/install/local_setup.zsh'
[2.306s] INFO:colcon.colcon_core.shell:Creating prefix chain script '/home/anish/work/sick_safetyscanners2/install/setup.zsh'
