[100%] Built target sick_safetyscanners2_lifecycle_node
[100%] Built target sick_safetyscanners2_node
-- Install configuration: ""
-- Up-to-date: /home/anish/work/sick_safetyscanners2/install/sick_safetyscanners2/share/sick_safetyscanners2//launch
-- Installing: /home/anish/work/sick_safetyscanners2/install/sick_safetyscanners2/share/sick_safetyscanners2//launch/sick_safetyscanners2_launch.py
-- Up-to-date: /home/anish/work/sick_safetyscanners2/install/sick_safetyscanners2/share/sick_safetyscanners2//launch/sick_safetyscanners2_lifecycle_launch.py
-- Up-to-date: /home/anish/work/sick_safetyscanners2/install/sick_safetyscanners2/share/sick_safetyscanners2//launch/sick_scanners2_multi_lidar_launch.py
-- Up-to-date: /home/anish/work/sick_safetyscanners2/install/sick_safetyscanners2/lib/sick_safetyscanners2/sick_safetyscanners2_node
-- Up-to-date: /home/anish/work/sick_safetyscanners2/install/sick_safetyscanners2/lib/sick_safetyscanners2/sick_safetyscanners2_lifecycle_node
-- Up-to-date: /home/anish/work/sick_safetyscanners2/install/sick_safetyscanners2/share/ament_index/resource_index/package_run_dependencies/sick_safetyscanners2
-- Up-to-date: /home/anish/work/sick_safetyscanners2/install/sick_safetyscanners2/share/ament_index/resource_index/parent_prefix_path/sick_safetyscanners2
-- Up-to-date: /home/anish/work/sick_safetyscanners2/install/sick_safetyscanners2/share/sick_safetyscanners2/environment/ament_prefix_path.dsv
-- Up-to-date: /home/anish/work/sick_safetyscanners2/install/sick_safetyscanners2/share/sick_safetyscanners2/environment/path.dsv
-- Up-to-date: /home/anish/work/sick_safetyscanners2/install/sick_safetyscanners2/share/sick_safetyscanners2/local_setup.bash
-- Up-to-date: /home/anish/work/sick_safetyscanners2/install/sick_safetyscanners2/share/sick_safetyscanners2/local_setup.sh
-- Up-to-date: /home/anish/work/sick_safetyscanners2/install/sick_safetyscanners2/share/sick_safetyscanners2/local_setup.zsh
-- Up-to-date: /home/anish/work/sick_safetyscanners2/install/sick_safetyscanners2/share/sick_safetyscanners2/local_setup.dsv
-- Installing: /home/anish/work/sick_safetyscanners2/install/sick_safetyscanners2/share/sick_safetyscanners2/package.dsv
-- Up-to-date: /home/anish/work/sick_safetyscanners2/install/sick_safetyscanners2/share/ament_index/resource_index/packages/sick_safetyscanners2
-- Up-to-date: /home/anish/work/sick_safetyscanners2/install/sick_safetyscanners2/share/sick_safetyscanners2/cmake/ament_cmake_export_dependencies-extras.cmake
-- Up-to-date: /home/anish/work/sick_safetyscanners2/install/sick_safetyscanners2/share/sick_safetyscanners2/cmake/sick_safetyscanners2Config.cmake
-- Up-to-date: /home/anish/work/sick_safetyscanners2/install/sick_safetyscanners2/share/sick_safetyscanners2/cmake/sick_safetyscanners2Config-version.cmake
-- Up-to-date: /home/anish/work/sick_safetyscanners2/install/sick_safetyscanners2/share/sick_safetyscanners2/package.xml
