[35m[1mConsolidate compiler generated dependencies of target sick_safetyscanners2_node[0m
[ 50%] Built target sick_safetyscanners2_lifecycle_node
[ 62%] [32mBuilding CXX object CMakeFiles/sick_safetyscanners2_node.dir/src/SickSafetyscannersRos2.cpp.o[0m
[ 75%] [32m[1mLinking CXX executable sick_safetyscanners2_node[0m
[100%] Built target sick_safetyscanners2_node
-- Install configuration: ""
-- Up-to-date: /home/anish/work/sick_safetyscanners2/install/sick_safetyscanners2/share/sick_safetyscanners2//launch
-- Up-to-date: /home/anish/work/sick_safetyscanners2/install/sick_safetyscanners2/share/sick_safetyscanners2//launch/sick_safetyscanners2_launch.py
-- Up-to-date: /home/anish/work/sick_safetyscanners2/install/sick_safetyscanners2/share/sick_safetyscanners2//launch/sick_safetyscanners2_lifecycle_launch.py
-- Installing: /home/anish/work/sick_safetyscanners2/install/sick_safetyscanners2/lib/sick_safetyscanners2/sick_safetyscanners2_node
-- Set runtime path of "/home/anish/work/sick_safetyscanners2/install/sick_safetyscanners2/lib/sick_safetyscanners2/sick_safetyscanners2_node" to ""
-- Up-to-date: /home/anish/work/sick_safetyscanners2/install/sick_safetyscanners2/lib/sick_safetyscanners2/sick_safetyscanners2_lifecycle_node
-- Up-to-date: /home/anish/work/sick_safetyscanners2/install/sick_safetyscanners2/share/ament_index/resource_index/package_run_dependencies/sick_safetyscanners2
-- Up-to-date: /home/anish/work/sick_safetyscanners2/install/sick_safetyscanners2/share/ament_index/resource_index/parent_prefix_path/sick_safetyscanners2
-- Up-to-date: /home/anish/work/sick_safetyscanners2/install/sick_safetyscanners2/share/sick_safetyscanners2/environment/ament_prefix_path.dsv
-- Up-to-date: /home/anish/work/sick_safetyscanners2/install/sick_safetyscanners2/share/sick_safetyscanners2/environment/path.dsv
-- Up-to-date: /home/anish/work/sick_safetyscanners2/install/sick_safetyscanners2/share/sick_safetyscanners2/local_setup.bash
-- Up-to-date: /home/anish/work/sick_safetyscanners2/install/sick_safetyscanners2/share/sick_safetyscanners2/local_setup.sh
-- Up-to-date: /home/anish/work/sick_safetyscanners2/install/sick_safetyscanners2/share/sick_safetyscanners2/local_setup.zsh
-- Up-to-date: /home/anish/work/sick_safetyscanners2/install/sick_safetyscanners2/share/sick_safetyscanners2/local_setup.dsv
-- Installing: /home/anish/work/sick_safetyscanners2/install/sick_safetyscanners2/share/sick_safetyscanners2/package.dsv
-- Up-to-date: /home/anish/work/sick_safetyscanners2/install/sick_safetyscanners2/share/ament_index/resource_index/packages/sick_safetyscanners2
-- Up-to-date: /home/anish/work/sick_safetyscanners2/install/sick_safetyscanners2/share/sick_safetyscanners2/cmake/ament_cmake_export_dependencies-extras.cmake
-- Up-to-date: /home/anish/work/sick_safetyscanners2/install/sick_safetyscanners2/share/sick_safetyscanners2/cmake/sick_safetyscanners2Config.cmake
-- Up-to-date: /home/anish/work/sick_safetyscanners2/install/sick_safetyscanners2/share/sick_safetyscanners2/cmake/sick_safetyscanners2Config-version.cmake
-- Up-to-date: /home/anish/work/sick_safetyscanners2/install/sick_safetyscanners2/share/sick_safetyscanners2/package.xml
